d:\visual studio 2013\projects\andorsoftware\andorsoftware\debug\vc120.pdb
d:\visual studio 2013\projects\andorsoftware\andorsoftware\debug\setting.obj
d:\visual studio 2013\projects\andorsoftware\andorsoftware\debug\main.obj
d:\visual studio 2013\projects\andorsoftware\andorsoftware\debug\moc_setting.obj
d:\visual studio 2013\projects\andorsoftware\andorsoftware\debug\moc_emexposure.obj
d:\visual studio 2013\projects\andorsoftware\andorsoftware\debug\moc_emadvanced.obj
d:\visual studio 2013\projects\andorsoftware\andorsoftware\debug\moc_andorthread.obj
d:\visual studio 2013\projects\andorsoftware\andorsoftware\debug\moc_andorsoftware.obj
d:\visual studio 2013\projects\andorsoftware\andorsoftware\debug\emexposure.obj
d:\visual studio 2013\projects\andorsoftware\andorsoftware\debug\emadvanced.obj
d:\visual studio 2013\projects\andorsoftware\andorsoftware\debug\andorthread.obj
d:\visual studio 2013\projects\andorsoftware\andorsoftware\debug\andorsoftware.obj
d:\visual studio 2013\projects\andorsoftware\andorsoftware\debug\qrc_andorsoftware.obj
d:\visual studio 2013\projects\andorsoftware\andorsoftware\generatedfiles\debug\moc_andorsoftware.cpp
d:\visual studio 2013\projects\andorsoftware\andorsoftware\generatedfiles\ui_andorsoftware.h
d:\visual studio 2013\projects\andorsoftware\andorsoftware\generatedfiles\debug\moc_setting.cpp
d:\visual studio 2013\projects\andorsoftware\andorsoftware\generatedfiles\debug\moc_andorthread.cpp
d:\visual studio 2013\projects\andorsoftware\andorsoftware\generatedfiles\debug\moc_emadvanced.cpp
d:\visual studio 2013\projects\andorsoftware\andorsoftware\generatedfiles\debug\moc_emexposure.cpp
d:\visual studio 2013\projects\andorsoftware\andorsoftware\generatedfiles\qrc_andorsoftware.cpp
d:\visual studio 2013\projects\andorsoftware\andorsoftware\generatedfiles\ui_emadvanced.h
d:\visual studio 2013\projects\andorsoftware\andorsoftware\generatedfiles\ui_emexposure.h
d:\visual studio 2013\projects\andorsoftware\andorsoftware\generatedfiles\ui_setting.h
d:\visual studio 2013\projects\andorsoftware\win32\debug\andorsoftware.ilk
d:\visual studio 2013\projects\andorsoftware\win32\debug\andorsoftware.exe
d:\visual studio 2013\projects\andorsoftware\win32\debug\andorsoftware.pdb
d:\visual studio 2013\projects\andorsoftware\andorsoftware\debug\andorsoftware.tlog\cl.command.1.tlog
d:\visual studio 2013\projects\andorsoftware\andorsoftware\debug\andorsoftware.tlog\cl.read.1.tlog
d:\visual studio 2013\projects\andorsoftware\andorsoftware\debug\andorsoftware.tlog\cl.write.1.tlog
d:\visual studio 2013\projects\andorsoftware\andorsoftware\debug\andorsoftware.tlog\custombuild.command.1.tlog
d:\visual studio 2013\projects\andorsoftware\andorsoftware\debug\andorsoftware.tlog\custombuild.read.1.tlog
d:\visual studio 2013\projects\andorsoftware\andorsoftware\debug\andorsoftware.tlog\custombuild.write.1.tlog
d:\visual studio 2013\projects\andorsoftware\andorsoftware\debug\andorsoftware.tlog\link.command.1.tlog
d:\visual studio 2013\projects\andorsoftware\andorsoftware\debug\andorsoftware.tlog\link.read.1.tlog
d:\visual studio 2013\projects\andorsoftware\andorsoftware\debug\andorsoftware.tlog\link.write.1.tlog
