生成启动时间为 2015/6/18 10:15:21。
     1>项目“D:\Git\AndorSoftware\AndorSoftware\AndorSoftware.vcxproj”在节点 2 上(Build 个目标)。
     1>ClCompile:
         C:\Program Files (x86)\Microsoft Visual Studio 12.0\VC\bin\CL.exe /c /I.\GeneratedFiles /I. /I"D:\QT\qt-opensource-windows-x86-msvc2013_opengl-5.4.0\5.4\msvc2013_opengl\include" /I.\GeneratedFiles\Release /I"D:\QT\qt-opensource-windows-x86-msvc2013_opengl-5.4.0\5.4\msvc2013_opengl\include\QtCore" /I"D:\QT\qt-opensource-windows-x86-msvc2013_opengl-5.4.0\5.4\msvc2013_opengl\include\QtGui" /I"D:\QT\qt-opensource-windows-x86-msvc2013_opengl-5.4.0\5.4\msvc2013_opengl\include\QtWidgets" /nologo /W1 /WX- /O2 /Oy- /D UNICODE /D WIN32 /D WIN64 /D QT_DLL /D QT_NO_DEBUG /D NDEBUG /D QT_CORE_LIB /D QT_GUI_LIB /D QT_WIDGETS_LIB /Gm- /EHsc /MD /GS /fp:precise /Zc:wchar_t /Zc:forScope /Fo"Release\\" /Fd"Release\vc120.pdb" /Gd /TP /analyze- /errorReport:prompt GeneratedFiles\Release\moc_andorsoftware.cpp GeneratedFiles\Release\moc_emadvanced.cpp GeneratedFiles\Release\moc_emexposure.cpp GeneratedFiles\Release\moc_setting.cpp andorsoftware.cpp emadvanced.cpp emexposure.cpp main.cpp setting.cpp
         moc_andorsoftware.cpp
         moc_emadvanced.cpp
         moc_emexposure.cpp
         moc_setting.cpp
         andorsoftware.cpp
         emadvanced.cpp
         emexposure.cpp
         main.cpp
         setting.cpp
         正在生成代码...
         C:\Program Files (x86)\Microsoft Visual Studio 12.0\VC\bin\CL.exe /c /I.\GeneratedFiles /I. /I"D:\QT\qt-opensource-windows-x86-msvc2013_opengl-5.4.0\5.4\msvc2013_opengl\include" /I.\GeneratedFiles\Release /I"D:\QT\qt-opensource-windows-x86-msvc2013_opengl-5.4.0\5.4\msvc2013_opengl\include\QtCore" /I"D:\QT\qt-opensource-windows-x86-msvc2013_opengl-5.4.0\5.4\msvc2013_opengl\include\QtGui" /I"D:\QT\qt-opensource-windows-x86-msvc2013_opengl-5.4.0\5.4\msvc2013_opengl\include\QtWidgets" /nologo /W1 /WX- /O2 /Oy- /D UNICODE /D WIN32 /D WIN64 /D QT_DLL /D QT_NO_DEBUG /D NDEBUG /D QT_CORE_LIB /D QT_GUI_LIB /D QT_WIDGETS_LIB /Gm- /EHsc /MD /GS /fp:precise /Zc:wchar_t /Zc:forScope /Fo"Release\\" /Fd"Release\vc120.pdb" /Gd /TP /analyze- /errorReport:prompt GeneratedFiles\qrc_andorsoftware.cpp
         qrc_andorsoftware.cpp
       Link:
         C:\Program Files (x86)\Microsoft Visual Studio 12.0\VC\bin\link.exe /ERRORREPORT:PROMPT /OUT:"D:\Git\AndorSoftware\Win32\Release\\AndorSoftware.exe" /NOLOGO /LIBPATH:"D:\QT\qt-opensource-windows-x86-msvc2013_opengl-5.4.0\5.4\msvc2013_opengl\lib" qtmain.lib Qt5Core.lib Qt5Gui.lib Qt5Widgets.lib kernel32.lib user32.lib gdi32.lib winspool.lib comdlg32.lib advapi32.lib shell32.lib ole32.lib oleaut32.lib uuid.lib odbc32.lib odbccp32.lib /MANIFEST /MANIFESTUAC:"level='asInvoker' uiAccess='false'" /manifest:embed /PDB:"D:\Git\AndorSoftware\Win32\Release\AndorSoftware.pdb" /SUBSYSTEM:WINDOWS /TLBID:1 /DYNAMICBASE /NXCOMPAT /IMPLIB:"D:\Git\AndorSoftware\Win32\Release\AndorSoftware.lib" /MACHINE:X86 /SAFESEH Release\andorsoftware.obj
         Release\andorThread.obj
         Release\emadvanced.obj
         Release\emexposure.obj
         Release\qrc_andorsoftware.obj
         Release\moc_andorsoftware.obj
         Release\moc_andorThread.obj
         Release\moc_emadvanced.obj
         Release\moc_emexposure.obj
         Release\moc_setting.obj
         Release\main.obj
         Release\setting.obj
         ..\andorSDK\atmcd32m.lib
         AndorSoftware.vcxproj -> D:\Git\AndorSoftware\Win32\Release\AndorSoftware.exe
     1>已完成生成项目“D:\Git\AndorSoftware\AndorSoftware\AndorSoftware.vcxproj”(Build 个目标)的操作。

生成成功。

已用时间 00:00:17.65
