c:\users\administrator\desktop\andorsoftware\andorsoftware\release\setting.obj
c:\users\administrator\desktop\andorsoftware\andorsoftware\release\main.obj
c:\users\administrator\desktop\andorsoftware\andorsoftware\release\moc_setting.obj
c:\users\administrator\desktop\andorsoftware\andorsoftware\release\moc_emexposure.obj
c:\users\administrator\desktop\andorsoftware\andorsoftware\release\moc_emadvanced.obj
c:\users\administrator\desktop\andorsoftware\andorsoftware\release\moc_andorthread.obj
c:\users\administrator\desktop\andorsoftware\andorsoftware\release\moc_andorsoftware.obj
c:\users\administrator\desktop\andorsoftware\andorsoftware\release\emexposure.obj
c:\users\administrator\desktop\andorsoftware\andorsoftware\release\emadvanced.obj
c:\users\administrator\desktop\andorsoftware\andorsoftware\release\andorthread.obj
c:\users\administrator\desktop\andorsoftware\andorsoftware\release\andorsoftware.obj
c:\users\administrator\desktop\andorsoftware\andorsoftware\release\qrc_andorsoftware.obj
c:\users\administrator\desktop\andorsoftware\andorsoftware\generatedfiles\release\moc_setting.cpp
c:\users\administrator\desktop\andorsoftware\andorsoftware\generatedfiles\release\moc_andorthread.cpp
c:\users\administrator\desktop\andorsoftware\andorsoftware\generatedfiles\release\moc_emadvanced.cpp
c:\users\administrator\desktop\andorsoftware\andorsoftware\generatedfiles\release\moc_emexposure.cpp
c:\users\administrator\desktop\andorsoftware\andorsoftware\generatedfiles\qrc_andorsoftware.cpp
c:\users\administrator\desktop\andorsoftware\andorsoftware\generatedfiles\ui_emadvanced.h
c:\users\administrator\desktop\andorsoftware\andorsoftware\generatedfiles\ui_emexposure.h
c:\users\administrator\desktop\andorsoftware\andorsoftware\generatedfiles\ui_setting.h
c:\users\administrator\desktop\andorsoftware\andorsoftware\generatedfiles\ui_andorsoftware.h
c:\users\administrator\desktop\andorsoftware\andorsoftware\generatedfiles\release\moc_andorsoftware.cpp
c:\users\administrator\desktop\andorsoftware\win32\release\andorsoftware.exe
c:\users\administrator\desktop\andorsoftware\andorsoftware\release\andorsoftware.tlog\cl.command.1.tlog
c:\users\administrator\desktop\andorsoftware\andorsoftware\release\andorsoftware.tlog\cl.read.1.tlog
c:\users\administrator\desktop\andorsoftware\andorsoftware\release\andorsoftware.tlog\cl.write.1.tlog
c:\users\administrator\desktop\andorsoftware\andorsoftware\release\andorsoftware.tlog\custombuild.command.1.tlog
c:\users\administrator\desktop\andorsoftware\andorsoftware\release\andorsoftware.tlog\custombuild.read.1.tlog
c:\users\administrator\desktop\andorsoftware\andorsoftware\release\andorsoftware.tlog\custombuild.write.1.tlog
c:\users\administrator\desktop\andorsoftware\andorsoftware\release\andorsoftware.tlog\link.command.1.tlog
c:\users\administrator\desktop\andorsoftware\andorsoftware\release\andorsoftware.tlog\link.read.1.tlog
c:\users\administrator\desktop\andorsoftware\andorsoftware\release\andorsoftware.tlog\link.write.1.tlog
